INFO:    Starting build...
Copying blob sha256:fb15d46c38dcd1ea0b1990006c3366ecd10c79d374f341687eb2cb23a2c8672e
Copying blob sha256:58690f9b18fca6469a14da4e212c96849469f9b1be6661d2342a4bf01774aa50
Copying blob sha256:b51569e7c50720acf6860327847fe342a1afbe148d24c529fb81df105e3eed01
Copying blob sha256:da8ef40b9ecabc2679fe2419957220c0272a965c5cf7e0269fa1aeeb8c56f2e1
Copying config sha256:a19b95490ca5a60cd7d1fbeec41cd03da618683602f81f5d2a96ab5f50cbb520
Writing manifest to image destination
2025/07/17 12:11:27  info unpack layer: sha256:58690f9b18fca6469a14da4e212c96849469f9b1be6661d2342a4bf01774aa50
2025/07/17 12:11:29  info unpack layer: sha256:b51569e7c50720acf6860327847fe342a1afbe148d24c529fb81df105e3eed01
2025/07/17 12:11:29  info unpack layer: sha256:da8ef40b9ecabc2679fe2419957220c0272a965c5cf7e0269fa1aeeb8c56f2e1
2025/07/17 12:11:29  info unpack layer: sha256:fb15d46c38dcd1ea0b1990006c3366ecd10c79d374f341687eb2cb23a2c8672e
INFO:    Running post scriptlet
+ export DEBIAN_FRONTEND=noninteractive
+ echo deb http://old-releases.ubuntu.com/ubuntu/ xenial main restricted universe multiverse
+ echo deb http://old-releases.ubuntu.com/ubuntu/ xenial-updates main restricted universe multiverse
+ echo deb http://old-releases.ubuntu.com/ubuntu/ xenial-security main restricted universe multiverse
+ apt-get update
Ign:1 http://old-releases.ubuntu.com/ubuntu xenial InRelease
Ign:2 http://old-releases.ubuntu.com/ubuntu xenial-updates InRelease
Ign:3 http://old-releases.ubuntu.com/ubuntu xenial-security InRelease
Ign:4 http://old-releases.ubuntu.com/ubuntu xenial Release
Ign:5 http://old-releases.ubuntu.com/ubuntu xenial-updates Release
Ign:6 http://old-releases.ubuntu.com/ubuntu xenial-security Release
Ign:7 http://old-releases.ubuntu.com/ubuntu xenial/main amd64 Packages
Ign:8 http://old-releases.ubuntu.com/ubuntu xenial/main all Packages
Ign:9 http://old-releases.ubuntu.com/ubuntu xenial/restricted amd64 Packages
Ign:10 http://old-releases.ubuntu.com/ubuntu xenial/restricted all Packages
Ign:11 http://old-releases.ubuntu.com/ubuntu xenial/universe amd64 Packages
Ign:12 http://old-releases.ubuntu.com/ubuntu xenial/universe all Packages
Ign:13 http://old-releases.ubuntu.com/ubuntu xenial/multiverse amd64 Packages
Ign:14 http://old-releases.ubuntu.com/ubuntu xenial/multiverse all Packages
Ign:15 http://old-releases.ubuntu.com/ubuntu xenial-updates/main amd64 Packages
Ign:16 http://old-releases.ubuntu.com/ubuntu xenial-updates/main all Packages
Ign:17 http://old-releases.ubuntu.com/ubuntu xenial-updates/restricted amd64 Packages
Ign:18 http://old-releases.ubuntu.com/ubuntu xenial-updates/restricted all Packages
Ign:19 http://old-releases.ubuntu.com/ubuntu xenial-updates/universe amd64 Packages
Ign:20 http://old-releases.ubuntu.com/ubuntu xenial-updates/universe all Packages
Ign:21 http://old-releases.ubuntu.com/ubuntu xenial-updates/multiverse amd64 Packages
Ign:22 http://old-releases.ubuntu.com/ubuntu xenial-updates/multiverse all Packages
Ign:23 http://old-releases.ubuntu.com/ubuntu xenial-security/main amd64 Packages
Ign:24 http://old-releases.ubuntu.com/ubuntu xenial-security/main all Packages
Ign:25 http://old-releases.ubuntu.com/ubuntu xenial-security/restricted amd64 Packages
Ign:26 http://old-releases.ubuntu.com/ubuntu xenial-security/restricted all Packages
Ign:27 http://old-releases.ubuntu.com/ubuntu xenial-security/universe amd64 Packages
Ign:28 http://old-releases.ubuntu.com/ubuntu xenial-security/universe all Packages
Ign:29 http://old-releases.ubuntu.com/ubuntu xenial-security/multiverse amd64 Packages
Ign:30 http://old-releases.ubuntu.com/ubuntu xenial-security/multiverse all Packages
Ign:7 http://old-releases.ubuntu.com/ubuntu xenial/main amd64 Packages
Ign:8 http://old-releases.ubuntu.com/ubuntu xenial/main all Packages
Ign:9 http://old-releases.ubuntu.com/ubuntu xenial/restricted amd64 Packages
Ign:10 http://old-releases.ubuntu.com/ubuntu xenial/restricted all Packages
Ign:11 http://old-releases.ubuntu.com/ubuntu xenial/universe amd64 Packages
Ign:12 http://old-releases.ubuntu.com/ubuntu xenial/universe all Packages
Ign:13 http://old-releases.ubuntu.com/ubuntu xenial/multiverse amd64 Packages
Ign:14 http://old-releases.ubuntu.com/ubuntu xenial/multiverse all Packages
Ign:15 http://old-releases.ubuntu.com/ubuntu xenial-updates/main amd64 Packages
Ign:16 http://old-releases.ubuntu.com/ubuntu xenial-updates/main all Packages
Ign:17 http://old-releases.ubuntu.com/ubuntu xenial-updates/restricted amd64 Packages
Ign:18 http://old-releases.ubuntu.com/ubuntu xenial-updates/restricted all Packages
Ign:19 http://old-releases.ubuntu.com/ubuntu xenial-updates/universe amd64 Packages
Ign:20 http://old-releases.ubuntu.com/ubuntu xenial-updates/universe all Packages
Ign:21 http://old-releases.ubuntu.com/ubuntu xenial-updates/multiverse amd64 Packages
Ign:22 http://old-releases.ubuntu.com/ubuntu xenial-updates/multiverse all Packages
Ign:23 http://old-releases.ubuntu.com/ubuntu xenial-security/main amd64 Packages
Ign:24 http://old-releases.ubuntu.com/ubuntu xenial-security/main all Packages
Ign:25 http://old-releases.ubuntu.com/ubuntu xenial-security/restricted amd64 Packages
Ign:26 http://old-releases.ubuntu.com/ubuntu xenial-security/restricted all Packages
Ign:27 http://old-releases.ubuntu.com/ubuntu xenial-security/universe amd64 Packages
Ign:28 http://old-releases.ubuntu.com/ubuntu xenial-security/universe all Packages
Ign:29 http://old-releases.ubuntu.com/ubuntu xenial-security/multiverse amd64 Packages
Ign:30 http://old-releases.ubuntu.com/ubuntu xenial-security/multiverse all Packages
Ign:7 http://old-releases.ubuntu.com/ubuntu xenial/main amd64 Packages
Ign:8 http://old-releases.ubuntu.com/ubuntu xenial/main all Packages
Ign:9 http://old-releases.ubuntu.com/ubuntu xenial/restricted amd64 Packages
Ign:10 http://old-releases.ubuntu.com/ubuntu xenial/restricted all Packages
Ign:11 http://old-releases.ubuntu.com/ubuntu xenial/universe amd64 Packages
Ign:12 http://old-releases.ubuntu.com/ubuntu xenial/universe all Packages
Ign:13 http://old-releases.ubuntu.com/ubuntu xenial/multiverse amd64 Packages
Ign:14 http://old-releases.ubuntu.com/ubuntu xenial/multiverse all Packages
Ign:15 http://old-releases.ubuntu.com/ubuntu xenial-updates/main amd64 Packages
Ign:16 http://old-releases.ubuntu.com/ubuntu xenial-updates/main all Packages
Ign:17 http://old-releases.ubuntu.com/ubuntu xenial-updates/restricted amd64 Packages
Ign:18 http://old-releases.ubuntu.com/ubuntu xenial-updates/restricted all Packages
Ign:19 http://old-releases.ubuntu.com/ubuntu xenial-updates/universe amd64 Packages
Ign:20 http://old-releases.ubuntu.com/ubuntu xenial-updates/universe all Packages
Ign:21 http://old-releases.ubuntu.com/ubuntu xenial-updates/multiverse amd64 Packages
Ign:22 http://old-releases.ubuntu.com/ubuntu xenial-updates/multiverse all Packages
Ign:23 http://old-releases.ubuntu.com/ubuntu xenial-security/main amd64 Packages
Ign:24 http://old-releases.ubuntu.com/ubuntu xenial-security/main all Packages
Ign:25 http://old-releases.ubuntu.com/ubuntu xenial-security/restricted amd64 Packages
Ign:26 http://old-releases.ubuntu.com/ubuntu xenial-security/restricted all Packages
Ign:27 http://old-releases.ubuntu.com/ubuntu xenial-security/universe amd64 Packages
Ign:28 http://old-releases.ubuntu.com/ubuntu xenial-security/universe all Packages
Ign:29 http://old-releases.ubuntu.com/ubuntu xenial-security/multiverse amd64 Packages
Ign:30 http://old-releases.ubuntu.com/ubuntu xenial-security/multiverse all Packages
Ign:7 http://old-releases.ubuntu.com/ubuntu xenial/main amd64 Packages
Ign:8 http://old-releases.ubuntu.com/ubuntu xenial/main all Packages
Ign:9 http://old-releases.ubuntu.com/ubuntu xenial/restricted amd64 Packages
Ign:10 http://old-releases.ubuntu.com/ubuntu xenial/restricted all Packages
Ign:11 http://old-releases.ubuntu.com/ubuntu xenial/universe amd64 Packages
Ign:12 http://old-releases.ubuntu.com/ubuntu xenial/universe all Packages
Ign:13 http://old-releases.ubuntu.com/ubuntu xenial/multiverse amd64 Packages
Ign:14 http://old-releases.ubuntu.com/ubuntu xenial/multiverse all Packages
Ign:15 http://old-releases.ubuntu.com/ubuntu xenial-updates/main amd64 Packages
Ign:16 http://old-releases.ubuntu.com/ubuntu xenial-updates/main all Packages
Ign:17 http://old-releases.ubuntu.com/ubuntu xenial-updates/restricted amd64 Packages
Ign:18 http://old-releases.ubuntu.com/ubuntu xenial-updates/restricted all Packages
Ign:19 http://old-releases.ubuntu.com/ubuntu xenial-updates/universe amd64 Packages
Ign:20 http://old-releases.ubuntu.com/ubuntu xenial-updates/universe all Packages
Ign:21 http://old-releases.ubuntu.com/ubuntu xenial-updates/multiverse amd64 Packages
Ign:22 http://old-releases.ubuntu.com/ubuntu xenial-updates/multiverse all Packages
Ign:23 http://old-releases.ubuntu.com/ubuntu xenial-security/main amd64 Packages
Ign:24 http://old-releases.ubuntu.com/ubuntu xenial-security/main all Packages
Ign:25 http://old-releases.ubuntu.com/ubuntu xenial-security/restricted amd64 Packages
Ign:26 http://old-releases.ubuntu.com/ubuntu xenial-security/restricted all Packages
Ign:27 http://old-releases.ubuntu.com/ubuntu xenial-security/universe amd64 Packages
Ign:28 http://old-releases.ubuntu.com/ubuntu xenial-security/universe all Packages
Ign:29 http://old-releases.ubuntu.com/ubuntu xenial-security/multiverse amd64 Packages
Ign:30 http://old-releases.ubuntu.com/ubuntu xenial-security/multiverse all Packages
Ign:7 http://old-releases.ubuntu.com/ubuntu xenial/main amd64 Packages
Ign:8 http://old-releases.ubuntu.com/ubuntu xenial/main all Packages
Ign:9 http://old-releases.ubuntu.com/ubuntu xenial/restricted amd64 Packages
Ign:10 http://old-releases.ubuntu.com/ubuntu xenial/restricted all Packages
Ign:11 http://old-releases.ubuntu.com/ubuntu xenial/universe amd64 Packages
Ign:12 http://old-releases.ubuntu.com/ubuntu xenial/universe all Packages
Ign:13 http://old-releases.ubuntu.com/ubuntu xenial/multiverse amd64 Packages
Ign:14 http://old-releases.ubuntu.com/ubuntu xenial/multiverse all Packages
Ign:15 http://old-releases.ubuntu.com/ubuntu xenial-updates/main amd64 Packages
Ign:16 http://old-releases.ubuntu.com/ubuntu xenial-updates/main all Packages
Ign:17 http://old-releases.ubuntu.com/ubuntu xenial-updates/restricted amd64 Packages
Ign:18 http://old-releases.ubuntu.com/ubuntu xenial-updates/restricted all Packages
Ign:19 http://old-releases.ubuntu.com/ubuntu xenial-updates/universe amd64 Packages
Ign:20 http://old-releases.ubuntu.com/ubuntu xenial-updates/universe all Packages
Ign:21 http://old-releases.ubuntu.com/ubuntu xenial-updates/multiverse amd64 Packages
Ign:22 http://old-releases.ubuntu.com/ubuntu xenial-updates/multiverse all Packages
Ign:23 http://old-releases.ubuntu.com/ubuntu xenial-security/main amd64 Packages
Ign:24 http://old-releases.ubuntu.com/ubuntu xenial-security/main all Packages
Ign:25 http://old-releases.ubuntu.com/ubuntu xenial-security/restricted amd64 Packages
Ign:26 http://old-releases.ubuntu.com/ubuntu xenial-security/restricted all Packages
Ign:27 http://old-releases.ubuntu.com/ubuntu xenial-security/universe amd64 Packages
Ign:28 http://old-releases.ubuntu.com/ubuntu xenial-security/universe all Packages
Ign:29 http://old-releases.ubuntu.com/ubuntu xenial-security/multiverse amd64 Packages
Ign:30 http://old-releases.ubuntu.com/ubuntu xenial-security/multiverse all Packages
Ign:7 http://old-releases.ubuntu.com/ubuntu xenial/main amd64 Packages
Ign:8 http://old-releases.ubuntu.com/ubuntu xenial/main all Packages
Ign:9 http://old-releases.ubuntu.com/ubuntu xenial/restricted amd64 Packages
Ign:10 http://old-releases.ubuntu.com/ubuntu xenial/restricted all Packages
Ign:11 http://old-releases.ubuntu.com/ubuntu xenial/universe amd64 Packages
Ign:12 http://old-releases.ubuntu.com/ubuntu xenial/universe all Packages
Ign:13 http://old-releases.ubuntu.com/ubuntu xenial/multiverse amd64 Packages
Ign:14 http://old-releases.ubuntu.com/ubuntu xenial/multiverse all Packages
Ign:15 http://old-releases.ubuntu.com/ubuntu xenial-updates/main amd64 Packages
Ign:16 http://old-releases.ubuntu.com/ubuntu xenial-updates/main all Packages
Ign:17 http://old-releases.ubuntu.com/ubuntu xenial-updates/restricted amd64 Packages
Ign:18 http://old-releases.ubuntu.com/ubuntu xenial-updates/restricted all Packages
Ign:19 http://old-releases.ubuntu.com/ubuntu xenial-updates/universe amd64 Packages
Ign:20 http://old-releases.ubuntu.com/ubuntu xenial-updates/universe all Packages
Ign:21 http://old-releases.ubuntu.com/ubuntu xenial-updates/multiverse amd64 Packages
Ign:22 http://old-releases.ubuntu.com/ubuntu xenial-updates/multiverse all Packages
Ign:23 http://old-releases.ubuntu.com/ubuntu xenial-security/main amd64 Packages
Ign:24 http://old-releases.ubuntu.com/ubuntu xenial-security/main all Packages
Ign:25 http://old-releases.ubuntu.com/ubuntu xenial-security/restricted amd64 Packages
Ign:26 http://old-releases.ubuntu.com/ubuntu xenial-security/restricted all Packages
Ign:27 http://old-releases.ubuntu.com/ubuntu xenial-security/universe amd64 Packages
Ign:28 http://old-releases.ubuntu.com/ubuntu xenial-security/universe all Packages
Ign:29 http://old-releases.ubuntu.com/ubuntu xenial-security/multiverse amd64 Packages
Ign:30 http://old-releases.ubuntu.com/ubuntu xenial-security/multiverse all Packages
Err:7 http://old-releases.ubuntu.com/ubuntu xenial/main amd64 Packages
  404  Not Found [IP: 91.189.91.124 80]
Ign:8 http://old-releases.ubuntu.com/ubuntu xenial/main all Packages
Ign:9 http://old-releases.ubuntu.com/ubuntu xenial/restricted amd64 Packages
Ign:10 http://old-releases.ubuntu.com/ubuntu xenial/restricted all Packages
Ign:11 http://old-releases.ubuntu.com/ubuntu xenial/universe amd64 Packages
Ign:12 http://old-releases.ubuntu.com/ubuntu xenial/universe all Packages
Ign:13 http://old-releases.ubuntu.com/ubuntu xenial/multiverse amd64 Packages
Ign:14 http://old-releases.ubuntu.com/ubuntu xenial/multiverse all Packages
Err:15 http://old-releases.ubuntu.com/ubuntu xenial-updates/main amd64 Packages
  404  Not Found [IP: 91.189.91.124 80]
Ign:16 http://old-releases.ubuntu.com/ubuntu xenial-updates/main all Packages
Ign:17 http://old-releases.ubuntu.com/ubuntu xenial-updates/restricted amd64 Packages
Ign:18 http://old-releases.ubuntu.com/ubuntu xenial-updates/restricted all Packages
Ign:19 http://old-releases.ubuntu.com/ubuntu xenial-updates/universe amd64 Packages
Ign:20 http://old-releases.ubuntu.com/ubuntu xenial-updates/universe all Packages
Ign:21 http://old-releases.ubuntu.com/ubuntu xenial-updates/multiverse amd64 Packages
Ign:22 http://old-releases.ubuntu.com/ubuntu xenial-updates/multiverse all Packages
Err:23 http://old-releases.ubuntu.com/ubuntu xenial-security/main amd64 Packages
  404  Not Found [IP: 91.189.91.124 80]
Ign:24 http://old-releases.ubuntu.com/ubuntu xenial-security/main all Packages
Ign:25 http://old-releases.ubuntu.com/ubuntu xenial-security/restricted amd64 Packages
Ign:26 http://old-releases.ubuntu.com/ubuntu xenial-security/restricted all Packages
Ign:27 http://old-releases.ubuntu.com/ubuntu xenial-security/universe amd64 Packages
Ign:28 http://old-releases.ubuntu.com/ubuntu xenial-security/universe all Packages
Ign:29 http://old-releases.ubuntu.com/ubuntu xenial-security/multiverse amd64 Packages
Ign:30 http://old-releases.ubuntu.com/ubuntu xenial-security/multiverse all Packages
Reading package lists...
W: The repository 'http://old-releases.ubuntu.com/ubuntu xenial Release' does not have a Release file.
W: The repository 'http://old-releases.ubuntu.com/ubuntu xenial-updates Release' does not have a Release file.
W: The repository 'http://old-releases.ubuntu.com/ubuntu xenial-security Release' does not have a Release file.
E: Failed to fetch http://old-releases.ubuntu.com/ubuntu/dists/xenial/main/binary-amd64/Packages  404  Not Found [IP: 91.189.91.124 80]
E: Failed to fetch http://old-releases.ubuntu.com/ubuntu/dists/xenial-updates/main/binary-amd64/Packages  404  Not Found [IP: 91.189.91.124 80]
E: Failed to fetch http://old-releases.ubuntu.com/ubuntu/dists/xenial-security/main/binary-amd64/Packages  404  Not Found [IP: 91.189.91.124 80]
E: Some index files failed to download. They have been ignored, or old ones used instead.
FATAL:   While performing build: while running engine: while running %post section: exit status 100
